#
# A fatal error has been detected by the Java Runtime Environment:
#
#  Internal Error (./open/src/hotspot/os_cpu/windows_x86/os_windows_x86.cpp:145), pid=8980, tid=10048
#  guarantee(result == EXCEPTION_CONTINUE_EXECUTION) failed: Unexpected result from topLevelExceptionFilter
#
# JRE version: Java(TM) SE Runtime Environment 18.9 (11.0.12+8) (build 11.0.12+8-LTS-237)
# Java VM: Java HotSpot(TM) 64-Bit Server VM 18.9 (11.0.12+8-LTS-237, mixed mode, tiered, compressed oops, g1 gc, windows-amd64)
# No core dump will be written. Minidumps are not enabled by default on client versions of Windows
#
# If you would like to submit a bug report, please visit:
#   https://bugreport.java.com/bugreport/crash.jsp
# The crash happened outside the Java Virtual Machine in native code.
# See problematic frame for where to report the bug.
#

---------------  S U M M A R Y ------------

Command Line: -ea -Dimgui.library.path=./libs -Djava.library.path=C:\Users\andch\OneDrive\Desktop\workspace\2DLwjgl3\libs;C:\Users\andch\OneDrive\Desktop\workspace\2DLwjgl3\libs;C:\Users\andch\OneDrive\Desktop\workspace\2DLwjgl3\libs -Dfile.encoding=Cp1252 core.Main

Host: Intel(R) Core(TM) i5-4210U CPU @ 1.70GHz, 4 cores, 5G,  Windows 10 , 64 bit Build 19041 (10.0.19041.1151)
Time: Fri Aug 13 20:47:52 2021 Central Daylight Time elapsed time: 2.401780 seconds (0d 0h 0m 2s)

---------------  T H R E A D  ---------------

Current thread (0x000002443f418800):  JavaThread "main" [_thread_in_native, id=10048, stack(0x00000090eeb00000,0x00000090eec00000)]

Stack: [0x00000090eeb00000,0x00000090eec00000]
Native frames: (J=compiled Java code, j=interpreted, Vv=VM code, C=native code)
V  [jvm.dll+0x617d9a]
V  [jvm.dll+0x74eeef]
V  [jvm.dll+0x750599]
V  [jvm.dll+0x750bd7]
V  [jvm.dll+0x24385c]
V  [jvm.dll+0x6179bc]
C  [ntdll.dll+0xa217f]
C  [ntdll.dll+0x51454]
C  [ntdll.dll+0xa0cae]
C  [KERNELBASE.dll+0xc9a92]

Java frames: (J=compiled Java code, j=interpreted, Vv=VM code)
j  imgui.ImGui.render()V+0
j  core.ImGuiLayer.update(FLcore/Scene;)V+25
j  core.Window.loop()V+74
j  core.Window.run()V+5
j  core.Main.main([Ljava/lang/String;)V+5
v  ~StubRoutines::call_stub

---------------  P R O C E S S  ---------------

Threads class SMR info:
_java_thread_list=0x00000244e5547ae0, length=11, elements={
0x000002443f418800, 0x000002445e517000, 0x000002445e521000, 0x000002445e585800,
0x000002445e588000, 0x000002445e589800, 0x000002445e58a800, 0x000002445eeec000,
0x000002445eeff800, 0x000002445f019000, 0x00000244e555b000
}

Java Threads: ( => current thread )
=>0x000002443f418800 JavaThread "main" [_thread_in_native, id=10048, stack(0x00000090eeb00000,0x00000090eec00000)]
  0x000002445e517000 JavaThread "Reference Handler" daemon [_thread_blocked, id=6636, stack(0x00000090ef200000,0x00000090ef300000)]
  0x000002445e521000 JavaThread "Finalizer" daemon [_thread_blocked, id=412, stack(0x00000090ef300000,0x00000090ef400000)]
  0x000002445e585800 JavaThread "Signal Dispatcher" daemon [_thread_blocked, id=7436, stack(0x00000090ef400000,0x00000090ef500000)]
  0x000002445e588000 JavaThread "Attach Listener" daemon [_thread_blocked, id=5544, stack(0x00000090ef500000,0x00000090ef600000)]
  0x000002445e589800 JavaThread "Service Thread" daemon [_thread_blocked, id=5844, stack(0x00000090ef600000,0x00000090ef700000)]
  0x000002445e58a800 JavaThread "C2 CompilerThread0" daemon [_thread_blocked, id=8028, stack(0x00000090ef700000,0x00000090ef800000)]
  0x000002445eeec000 JavaThread "C1 CompilerThread0" daemon [_thread_blocked, id=6392, stack(0x00000090ef800000,0x00000090ef900000)]
  0x000002445eeff800 JavaThread "Sweeper thread" daemon [_thread_blocked, id=9988, stack(0x00000090ef900000,0x00000090efa00000)]
  0x000002445f019000 JavaThread "Common-Cleaner" daemon [_thread_blocked, id=11984, stack(0x00000090efb00000,0x00000090efc00000)]
  0x00000244e555b000 JavaThread "C2 CompilerThread1" daemon [_thread_blocked, id=10352, stack(0x00000090f0600000,0x00000090f0700000)]

Other Threads:
  0x000002445e4f1800 VMThread "VM Thread" [stack: 0x00000090ef100000,0x00000090ef200000] [id=9160]
  0x000002445f015800 WatcherThread [stack: 0x00000090efa00000,0x00000090efb00000] [id=10484]
  0x000002443f42f800 GCTaskThread "GC Thread#0" [stack: 0x00000090eec00000,0x00000090eed00000] [id=10648]
  0x00000244e5180000 GCTaskThread "GC Thread#1" [stack: 0x00000090f0300000,0x00000090f0400000] [id=5124]
  0x000002443f454800 ConcurrentGCThread "G1 Main Marker" [stack: 0x00000090eed00000,0x00000090eee00000] [id=7024]
  0x000002443f456800 ConcurrentGCThread "G1 Conc#0" [stack: 0x00000090eee00000,0x00000090eef00000] [id=3996]
  0x000002443f4ca000 ConcurrentGCThread "G1 Refine#0" [stack: 0x00000090eef00000,0x00000090ef000000] [id=5984]
  0x000002443f4cc800 ConcurrentGCThread "G1 Young RemSet Sampling" [stack: 0x00000090ef000000,0x00000090ef100000] [id=12000]

Threads with active compile tasks:

VM state:not at safepoint (normal execution)

VM Mutex/Monitor currently owned by a thread: None

Heap address: 0x00000000a1c00000, size: 1508 MB, Compressed Oops mode: 32-bit
Narrow klass base: 0x0000000000000000, Narrow klass shift: 3
Compressed class space size: 1073741824 Address: 0x0000000100000000

Heap:
 garbage-first heap   total 98304K, used 14192K [0x00000000a1c00000, 0x0000000100000000)
  region size 1024K, 15 young (15360K), 2 survivors (2048K)
 Metaspace       used 13657K, capacity 13886K, committed 14208K, reserved 1062912K
  class space    used 1000K, capacity 1052K, committed 1152K, reserved 1048576K
Heap Regions: E=young(eden), S=young(survivor), O=old, HS=humongous(starts), HC=humongous(continues), CS=collection set, F=free, A=archive, TAMS=top-at-mark-start (previous, next)
|   0|0x00000000a1c00000, 0x00000000a1c00000, 0x00000000a1d00000|  0%| F|  |TAMS 0x00000000a1c00000, 0x00000000a1c00000| Untracked 
|   1|0x00000000a1d00000, 0x00000000a1d00000, 0x00000000a1e00000|  0%| F|  |TAMS 0x00000000a1d00000, 0x00000000a1d00000| Untracked 
|   2|0x00000000a1e00000, 0x00000000a1e00000, 0x00000000a1f00000|  0%| F|  |TAMS 0x00000000a1e00000, 0x00000000a1e00000| Untracked 
|   3|0x00000000a1f00000, 0x00000000a1f00000, 0x00000000a2000000|  0%| F|  |TAMS 0x00000000a1f00000, 0x00000000a1f00000| Untracked 
|   4|0x00000000a2000000, 0x00000000a2000000, 0x00000000a2100000|  0%| F|  |TAMS 0x00000000a2000000, 0x00000000a2000000| Untracked 
|   5|0x00000000a2100000, 0x00000000a2100000, 0x00000000a2200000|  0%| F|  |TAMS 0x00000000a2100000, 0x00000000a2100000| Untracked 
|   6|0x00000000a2200000, 0x00000000a2200000, 0x00000000a2300000|  0%| F|  |TAMS 0x00000000a2200000, 0x00000000a2200000| Untracked 
|   7|0x00000000a2300000, 0x00000000a2300000, 0x00000000a2400000|  0%| F|  |TAMS 0x00000000a2300000, 0x00000000a2300000| Untracked 
|   8|0x00000000a2400000, 0x00000000a2400000, 0x00000000a2500000|  0%| F|  |TAMS 0x00000000a2400000, 0x00000000a2400000| Untracked 
|   9|0x00000000a2500000, 0x00000000a2500000, 0x00000000a2600000|  0%| F|  |TAMS 0x00000000a2500000, 0x00000000a2500000| Untracked 
|  10|0x00000000a2600000, 0x00000000a2600000, 0x00000000a2700000|  0%| F|  |TAMS 0x00000000a2600000, 0x00000000a2600000| Untracked 
|  11|0x00000000a2700000, 0x00000000a2700000, 0x00000000a2800000|  0%| F|  |TAMS 0x00000000a2700000, 0x00000000a2700000| Untracked 
|  12|0x00000000a2800000, 0x00000000a2800000, 0x00000000a2900000|  0%| F|  |TAMS 0x00000000a2800000, 0x00000000a2800000| Untracked 
|  13|0x00000000a2900000, 0x00000000a2900000, 0x00000000a2a00000|  0%| F|  |TAMS 0x00000000a2900000, 0x00000000a2900000| Untracked 
|  14|0x00000000a2a00000, 0x00000000a2a00000, 0x00000000a2b00000|  0%| F|  |TAMS 0x00000000a2a00000, 0x00000000a2a00000| Untracked 
|  15|0x00000000a2b00000, 0x00000000a2b00000, 0x00000000a2c00000|  0%| F|  |TAMS 0x00000000a2b00000, 0x00000000a2b00000| Untracked 
|  16|0x00000000a2c00000, 0x00000000a2c00000, 0x00000000a2d00000|  0%| F|  |TAMS 0x00000000a2c00000, 0x00000000a2c00000| Untracked 
|  17|0x00000000a2d00000, 0x00000000a2d00000, 0x00000000a2e00000|  0%| F|  |TAMS 0x00000000a2d00000, 0x00000000a2d00000| Untracked 
|  18|0x00000000a2e00000, 0x00000000a2e00000, 0x00000000a2f00000|  0%| F|  |TAMS 0x00000000a2e00000, 0x00000000a2e00000| Untracked 
|  19|0x00000000a2f00000, 0x00000000a2f00000, 0x00000000a3000000|  0%| F|  |TAMS 0x00000000a2f00000, 0x00000000a2f00000| Untracked 
|  20|0x00000000a3000000, 0x00000000a3000000, 0x00000000a3100000|  0%| F|  |TAMS 0x00000000a3000000, 0x00000000a3000000| Untracked 
|  21|0x00000000a3100000, 0x00000000a3100000, 0x00000000a3200000|  0%| F|  |TAMS 0x00000000a3100000, 0x00000000a3100000| Untracked 
|  22|0x00000000a3200000, 0x00000000a3200000, 0x00000000a3300000|  0%| F|  |TAMS 0x00000000a3200000, 0x00000000a3200000| Untracked 
|  23|0x00000000a3300000, 0x00000000a3300000, 0x00000000a3400000|  0%| F|  |TAMS 0x00000000a3300000, 0x00000000a3300000| Untracked 
|  24|0x00000000a3400000, 0x00000000a3400000, 0x00000000a3500000|  0%| F|  |TAMS 0x00000000a3400000, 0x00000000a3400000| Untracked 
|  25|0x00000000a3500000, 0x00000000a3500000, 0x00000000a3600000|  0%| F|  |TAMS 0x00000000a3500000, 0x00000000a3500000| Untracked 
|  26|0x00000000a3600000, 0x00000000a3600000, 0x00000000a3700000|  0%| F|  |TAMS 0x00000000a3600000, 0x00000000a3600000| Untracked 
|  27|0x00000000a3700000, 0x00000000a3700000, 0x00000000a3800000|  0%| F|  |TAMS 0x00000000a3700000, 0x00000000a3700000| Untracked 
|  28|0x00000000a3800000, 0x00000000a3800000, 0x00000000a3900000|  0%| F|  |TAMS 0x00000000a3800000, 0x00000000a3800000| Untracked 
|  29|0x00000000a3900000, 0x00000000a3900000, 0x00000000a3a00000|  0%| F|  |TAMS 0x00000000a3900000, 0x00000000a3900000| Untracked 
|  30|0x00000000a3a00000, 0x00000000a3a00000, 0x00000000a3b00000|  0%| F|  |TAMS 0x00000000a3a00000, 0x00000000a3a00000| Untracked 
|  31|0x00000000a3b00000, 0x00000000a3b00000, 0x00000000a3c00000|  0%| F|  |TAMS 0x00000000a3b00000, 0x00000000a3b00000| Untracked 
|  32|0x00000000a3c00000, 0x00000000a3c00000, 0x00000000a3d00000|  0%| F|  |TAMS 0x00000000a3c00000, 0x00000000a3c00000| Untracked 
|  33|0x00000000a3d00000, 0x00000000a3d00000, 0x00000000a3e00000|  0%| F|  |TAMS 0x00000000a3d00000, 0x00000000a3d00000| Untracked 
|  34|0x00000000a3e00000, 0x00000000a3e00000, 0x00000000a3f00000|  0%| F|  |TAMS 0x00000000a3e00000, 0x00000000a3e00000| Untracked 
|  35|0x00000000a3f00000, 0x00000000a3f00000, 0x00000000a4000000|  0%| F|  |TAMS 0x00000000a3f00000, 0x00000000a3f00000| Untracked 
|  36|0x00000000a4000000, 0x00000000a4000000, 0x00000000a4100000|  0%| F|  |TAMS 0x00000000a4000000, 0x00000000a4000000| Untracked 
|  37|0x00000000a4100000, 0x00000000a4100000, 0x00000000a4200000|  0%| F|  |TAMS 0x00000000a4100000, 0x00000000a4100000| Untracked 
|  38|0x00000000a4200000, 0x00000000a4200000, 0x00000000a4300000|  0%| F|  |TAMS 0x00000000a4200000, 0x00000000a4200000| Untracked 
|  39|0x00000000a4300000, 0x00000000a4300000, 0x00000000a4400000|  0%| F|  |TAMS 0x00000000a4300000, 0x00000000a4300000| Untracked 
|  40|0x00000000a4400000, 0x00000000a4400000, 0x00000000a4500000|  0%| F|  |TAMS 0x00000000a4400000, 0x00000000a4400000| Untracked 
|  41|0x00000000a4500000, 0x00000000a4500000, 0x00000000a4600000|  0%| F|  |TAMS 0x00000000a4500000, 0x00000000a4500000| Untracked 
|  42|0x00000000a4600000, 0x00000000a4600000, 0x00000000a4700000|  0%| F|  |TAMS 0x00000000a4600000, 0x00000000a4600000| Untracked 
|  43|0x00000000a4700000, 0x00000000a4700000, 0x00000000a4800000|  0%| F|  |TAMS 0x00000000a4700000, 0x00000000a4700000| Untracked 
|  44|0x00000000a4800000, 0x00000000a4800000, 0x00000000a4900000|  0%| F|  |TAMS 0x00000000a4800000, 0x00000000a4800000| Untracked 
|  45|0x00000000a4900000, 0x00000000a4900000, 0x00000000a4a00000|  0%| F|  |TAMS 0x00000000a4900000, 0x00000000a4900000| Untracked 
|  46|0x00000000a4a00000, 0x00000000a4a00000, 0x00000000a4b00000|  0%| F|  |TAMS 0x00000000a4a00000, 0x00000000a4a00000| Untracked 
|  47|0x00000000a4b00000, 0x00000000a4b00000, 0x00000000a4c00000|  0%| F|  |TAMS 0x00000000a4b00000, 0x00000000a4b00000| Untracked 
|  48|0x00000000a4c00000, 0x00000000a4c00000, 0x00000000a4d00000|  0%| F|  |TAMS 0x00000000a4c00000, 0x00000000a4c00000| Untracked 
|  49|0x00000000a4d00000, 0x00000000a4d00000, 0x00000000a4e00000|  0%| F|  |TAMS 0x00000000a4d00000, 0x00000000a4d00000| Untracked 
|  50|0x00000000a4e00000, 0x00000000a4e00000, 0x00000000a4f00000|  0%| F|  |TAMS 0x00000000a4e00000, 0x00000000a4e00000| Untracked 
|  51|0x00000000a4f00000, 0x00000000a4f00000, 0x00000000a5000000|  0%| F|  |TAMS 0x00000000a4f00000, 0x00000000a4f00000| Untracked 
|  52|0x00000000a5000000, 0x00000000a5000000, 0x00000000a5100000|  0%| F|  |TAMS 0x00000000a5000000, 0x00000000a5000000| Untracked 
|  53|0x00000000a5100000, 0x00000000a5100000, 0x00000000a5200000|  0%| F|  |TAMS 0x00000000a5100000, 0x00000000a5100000| Untracked 
|  54|0x00000000a5200000, 0x00000000a5200000, 0x00000000a5300000|  0%| F|  |TAMS 0x00000000a5200000, 0x00000000a5200000| Untracked 
|  55|0x00000000a5300000, 0x00000000a5300000, 0x00000000a5400000|  0%| F|  |TAMS 0x00000000a5300000, 0x00000000a5300000| Untracked 
|  56|0x00000000a5400000, 0x00000000a5400000, 0x00000000a5500000|  0%| F|  |TAMS 0x00000000a5400000, 0x00000000a5400000| Untracked 
|  57|0x00000000a5500000, 0x00000000a5500000, 0x00000000a5600000|  0%| F|  |TAMS 0x00000000a5500000, 0x00000000a5500000| Untracked 
|  58|0x00000000a5600000, 0x00000000a5600000, 0x00000000a5700000|  0%| F|  |TAMS 0x00000000a5600000, 0x00000000a5600000| Untracked 
|  59|0x00000000a5700000, 0x00000000a5700000, 0x00000000a5800000|  0%| F|  |TAMS 0x00000000a5700000, 0x00000000a5700000| Untracked 
|  60|0x00000000a5800000, 0x00000000a5800000, 0x00000000a5900000|  0%| F|  |TAMS 0x00000000a5800000, 0x00000000a5800000| Untracked 
|  61|0x00000000a5900000, 0x00000000a5900000, 0x00000000a5a00000|  0%| F|  |TAMS 0x00000000a5900000, 0x00000000a5900000| Untracked 
|  62|0x00000000a5a00000, 0x00000000a5a00000, 0x00000000a5b00000|  0%| F|  |TAMS 0x00000000a5a00000, 0x00000000a5a00000| Untracked 
|  63|0x00000000a5b00000, 0x00000000a5b00000, 0x00000000a5c00000|  0%| F|  |TAMS 0x00000000a5b00000, 0x00000000a5b00000| Untracked 
|  64|0x00000000a5c00000, 0x00000000a5c00000, 0x00000000a5d00000|  0%| F|  |TAMS 0x00000000a5c00000, 0x00000000a5c00000| Untracked 
|  65|0x00000000a5d00000, 0x00000000a5d00000, 0x00000000a5e00000|  0%| F|  |TAMS 0x00000000a5d00000, 0x00000000a5d00000| Untracked 
|  66|0x00000000a5e00000, 0x00000000a5e00000, 0x00000000a5f00000|  0%| F|  |TAMS 0x00000000a5e00000, 0x00000000a5e00000| Untracked 
|  67|0x00000000a5f00000, 0x00000000a5f00000, 0x00000000a6000000|  0%| F|  |TAMS 0x00000000a5f00000, 0x00000000a5f00000| Untracked 
|  68|0x00000000a6000000, 0x00000000a6000000, 0x00000000a6100000|  0%| F|  |TAMS 0x00000000a6000000, 0x00000000a6000000| Untracked 
|  69|0x00000000a6100000, 0x00000000a6100000, 0x00000000a6200000|  0%| F|  |TAMS 0x00000000a6100000, 0x00000000a6100000| Untracked 
|  70|0x00000000a6200000, 0x00000000a6200000, 0x00000000a6300000|  0%| F|  |TAMS 0x00000000a6200000, 0x00000000a6200000| Untracked 
|  71|0x00000000a6300000, 0x00000000a6300000, 0x00000000a6400000|  0%| F|  |TAMS 0x00000000a6300000, 0x00000000a6300000| Untracked 
|  72|0x00000000a6400000, 0x00000000a6400000, 0x00000000a6500000|  0%| F|  |TAMS 0x00000000a6400000, 0x00000000a6400000| Untracked 
|  73|0x00000000a6500000, 0x00000000a6500000, 0x00000000a6600000|  0%| F|  |TAMS 0x00000000a6500000, 0x00000000a6500000| Untracked 
|  74|0x00000000a6600000, 0x00000000a6600000, 0x00000000a6700000|  0%| F|  |TAMS 0x00000000a6600000, 0x00000000a6600000| Untracked 
|  75|0x00000000a6700000, 0x00000000a6700000, 0x00000000a6800000|  0%| F|  |TAMS 0x00000000a6700000, 0x00000000a6700000| Untracked 
|  76|0x00000000a6800000, 0x00000000a6800000, 0x00000000a6900000|  0%| F|  |TAMS 0x00000000a6800000, 0x00000000a6800000| Untracked 
|  77|0x00000000a6900000, 0x00000000a6900000, 0x00000000a6a00000|  0%| F|  |TAMS 0x00000000a6900000, 0x00000000a6900000| Untracked 
|  78|0x00000000a6a00000, 0x00000000a6a00000, 0x00000000a6b00000|  0%| F|  |TAMS 0x00000000a6a00000, 0x00000000a6a00000| Untracked 
|  79|0x00000000a6b00000, 0x00000000a6b00000, 0x00000000a6c00000|  0%| F|  |TAMS 0x00000000a6b00000, 0x00000000a6b00000| Untracked 
|  80|0x00000000a6c00000, 0x00000000a6cdc3f0, 0x00000000a6d00000| 86%| S|CS|TAMS 0x00000000a6c00000, 0x00000000a6c00000| Complete 
|  81|0x00000000a6d00000, 0x00000000a6e00000, 0x00000000a6e00000|100%| S|CS|TAMS 0x00000000a6d00000, 0x00000000a6d00000| Complete 
|  82|0x00000000a6e00000, 0x00000000a6e00000, 0x00000000a6f00000|  0%| F|  |TAMS 0x00000000a6e00000, 0x00000000a6e00000| Untracked 
|  83|0x00000000a6f00000, 0x00000000a7000000, 0x00000000a7000000|100%| E|  |TAMS 0x00000000a6f00000, 0x00000000a6f00000| Complete 
|  84|0x00000000a7000000, 0x00000000a7100000, 0x00000000a7100000|100%| E|CS|TAMS 0x00000000a7000000, 0x00000000a7000000| Complete 
|  85|0x00000000a7100000, 0x00000000a7200000, 0x00000000a7200000|100%| E|CS|TAMS 0x00000000a7100000, 0x00000000a7100000| Complete 
|  86|0x00000000a7200000, 0x00000000a7300000, 0x00000000a7300000|100%| E|CS|TAMS 0x00000000a7200000, 0x00000000a7200000| Complete 
|  87|0x00000000a7300000, 0x00000000a7400000, 0x00000000a7400000|100%| E|CS|TAMS 0x00000000a7300000, 0x00000000a7300000| Complete 
|  88|0x00000000a7400000, 0x00000000a7500000, 0x00000000a7500000|100%| E|CS|TAMS 0x00000000a7400000, 0x00000000a7400000| Complete 
|  89|0x00000000a7500000, 0x00000000a7600000, 0x00000000a7600000|100%| E|CS|TAMS 0x00000000a7500000, 0x00000000a7500000| Complete 
|  90|0x00000000a7600000, 0x00000000a7700000, 0x00000000a7700000|100%| E|CS|TAMS 0x00000000a7600000, 0x00000000a7600000| Complete 
|  91|0x00000000a7700000, 0x00000000a7800000, 0x00000000a7800000|100%| E|CS|TAMS 0x00000000a7700000, 0x00000000a7700000| Complete 
|  92|0x00000000a7800000, 0x00000000a7900000, 0x00000000a7900000|100%| E|CS|TAMS 0x00000000a7800000, 0x00000000a7800000| Complete 
|  93|0x00000000a7900000, 0x00000000a7a00000, 0x00000000a7a00000|100%| E|CS|TAMS 0x00000000a7900000, 0x00000000a7900000| Complete 
|  94|0x00000000a7a00000, 0x00000000a7b00000, 0x00000000a7b00000|100%| E|CS|TAMS 0x00000000a7a00000, 0x00000000a7a00000| Complete 
|  95|0x00000000a7b00000, 0x00000000a7c00000, 0x00000000a7c00000|100%| E|CS|TAMS 0x00000000a7b00000, 0x00000000a7b00000| Complete 

Card table byte_map: [0x00000244589e0000,0x0000024458ce0000] _byte_map_base: 0x00000244584d2000

Marking Bits (Prev, Next): (CMBitMap*) 0x000002443f44dc58, (CMBitMap*) 0x000002443f44dc90
 Prev Bits: [0x0000024458fe0000, 0x000002445a770000)
 Next Bits: [0x000002445a770000, 0x000002445bf00000)

Polling page: 0x000002443f500000

Metaspace:

Usage:
  Non-class:     12.53 MB capacity,    12.36 MB ( 99%) used,   161.02 KB (  1%) free+waste,    16.50 KB ( <1%) overhead. 
      Class:      1.03 MB capacity,  1000.77 KB ( 95%) used,    44.92 KB (  4%) free+waste,     6.31 KB ( <1%) overhead. 
       Both:     13.56 MB capacity,    13.34 MB ( 98%) used,   205.95 KB (  1%) free+waste,    22.81 KB ( <1%) overhead. 

Virtual space:
  Non-class space:       14.00 MB reserved,      12.75 MB ( 91%) committed 
      Class space:        1.00 GB reserved,       1.13 MB ( <1%) committed 
             Both:        1.01 GB reserved,      13.88 MB (  1%) committed 

Chunk freelists:
   Non-Class:  3.75 KB
       Class:  512 bytes
        Both:  4.25 KB

CodeHeap 'non-profiled nmethods': size=120064Kb used=266Kb max_used=266Kb free=119797Kb
 bounds [0x0000024450b70000, 0x0000024450de0000, 0x00000244580b0000]
CodeHeap 'profiled nmethods': size=120000Kb used=1700Kb max_used=1700Kb free=118300Kb
 bounds [0x0000024449640000, 0x00000244498b0000, 0x0000024450b70000]
CodeHeap 'non-nmethods': size=5696Kb used=1569Kb max_used=1571Kb free=4126Kb
 bounds [0x00000244490b0000, 0x0000024449320000, 0x0000024449640000]
 total_blobs=2064 nmethods=913 adapters=1063
 compilation: enabled
              stopped_count=0, restarted_count=0
 full_count=0

Compilation events (10 events):
Event: 1.374 Thread 0x000002445eeec000  909       3       java.util.regex.Pattern$Slice::match (79 bytes)
Event: 1.375 Thread 0x000002445eeec000 nmethod 909 0x00000244497e7290 code [0x00000244497e7460, 0x00000244497e78b8]
Event: 1.375 Thread 0x000002445eeec000  910       3       java.lang.String::trim (35 bytes)
Event: 1.375 Thread 0x000002445eeec000 nmethod 910 0x00000244497e7a90 code [0x00000244497e7c60, 0x00000244497e7f38]
Event: 1.385 Thread 0x000002445eeec000  911       3       java.util.concurrent.ConcurrentHashMap$BaseIterator::<init> (21 bytes)
Event: 1.385 Thread 0x000002445eeec000 nmethod 911 0x00000244497e8010 code [0x00000244497e81c0, 0x00000244497e8398]
Event: 1.385 Thread 0x000002445eeec000  912       3       java.util.concurrent.ConcurrentHashMap$Traverser::<init> (36 bytes)
Event: 1.386 Thread 0x000002445eeec000 nmethod 912 0x00000244497e8490 code [0x00000244497e8640, 0x00000244497e8838]
Event: 1.386 Thread 0x000002445eeec000  913       3       java.util.concurrent.ConcurrentHashMap$ValuesView::iterator (34 bytes)
Event: 1.386 Thread 0x000002445eeec000 nmethod 913 0x00000244497e8910 code [0x00000244497e8ae0, 0x00000244497e8e78]

GC Heap History (2 events):
Event: 1.028 GC heap before
{Heap before GC invocations=0 (full 0):
 garbage-first heap   total 98304K, used 13312K [0x00000000a1c00000, 0x0000000100000000)
  region size 1024K, 14 young (14336K), 0 survivors (0K)
 Metaspace       used 10437K, capacity 10564K, committed 10880K, reserved 1058816K
  class space    used 749K, capacity 802K, committed 896K, reserved 1048576K
}
Event: 1.033 GC heap after
{Heap after GC invocations=1 (full 0):
 garbage-first heap   total 98304K, used 1904K [0x00000000a1c00000, 0x0000000100000000)
  region size 1024K, 2 young (2048K), 2 survivors (2048K)
 Metaspace       used 10437K, capacity 10564K, committed 10880K, reserved 1058816K
  class space    used 749K, capacity 802K, committed 896K, reserved 1048576K
}

Deoptimization events (7 events):
Event: 0.265 Thread 0x000002443f418800 Uncommon trap: reason=unstable_if action=reinterpret pc=0x0000024450b75180 method=java.lang.String.hashCode()I @ 14 c2
Event: 1.248 Thread 0x000002443f418800 Uncommon trap: reason=unstable_if action=reinterpret pc=0x0000024450ba1440 method=java.util.HashMap.getNode(ILjava/lang/Object;)Ljava/util/HashMap$Node; @ 62 c2
Event: 1.248 Thread 0x000002443f418800 Uncommon trap: reason=class_check action=maybe_recompile pc=0x0000024450ba64b8 method=java.util.HashMap.putVal(ILjava/lang/Object;Ljava/lang/Object;ZZ)Ljava/lang/Object; @ 91 c2
Event: 1.263 Thread 0x000002443f418800 Uncommon trap: reason=unstable_if action=reinterpret pc=0x0000024450b9d120 method=java.util.HashMap.getNode(ILjava/lang/Object;)Ljava/util/HashMap$Node; @ 62 c2
Event: 1.263 Thread 0x000002443f418800 Uncommon trap: reason=class_check action=maybe_recompile pc=0x0000024450ba64b8 method=java.util.HashMap.putVal(ILjava/lang/Object;Ljava/lang/Object;ZZ)Ljava/lang/Object; @ 91 c2
Event: 1.264 Thread 0x000002443f418800 Uncommon trap: reason=class_check action=maybe_recompile pc=0x0000024450ba64b8 method=java.util.HashMap.putVal(ILjava/lang/Object;Ljava/lang/Object;ZZ)Ljava/lang/Object; @ 91 c2
Event: 1.264 Thread 0x000002443f418800 Uncommon trap: reason=class_check action=maybe_recompile pc=0x0000024450ba64b8 method=java.util.HashMap.putVal(ILjava/lang/Object;Ljava/lang/Object;ZZ)Ljava/lang/Object; @ 91 c2

Classes redefined (0 events):
No events

Internal exceptions (10 events):
Event: 0.749 Thread 0x000002443f418800 Exception <a 'java/lang/NoSuchMethodError'{0x00000000a7680738}: java.lang.invoke.DirectMethodHandle$Holder.invokeStaticInit(Ljava/lang/Object;JIII)V> (0x00000000a7680738) thrown at [./open/src/hotspot/share/interpreter/linkResolver.cpp, line 772]
Event: 0.758 Thread 0x000002443f418800 Exception <a 'java/lang/NoSuchMethodError'{0x00000000a76a6a88}: java.lang.invoke.DirectMethodHandle$Holder.invokeStaticInit(Ljava/lang/Object;JIIII)V> (0x00000000a76a6a88) thrown at [./open/src/hotspot/share/interpreter/linkResolver.cpp, line 772]
Event: 0.761 Thread 0x000002443f418800 Exception <a 'java/lang/NoSuchMethodError'{0x00000000a76b9090}: java.lang.invoke.DirectMethodHandle$Holder.invokeStatic(Ljava/lang/Object;JII)V> (0x00000000a76b9090) thrown at [./open/src/hotspot/share/interpreter/linkResolver.cpp, line 772]
Event: 0.799 Thread 0x000002443f418800 Exception <a 'sun/nio/fs/WindowsException'{0x00000000a7519ff0}> (0x00000000a7519ff0) thrown at [./open/src/hotspot/share/prims/jni.cpp, line 611]
Event: 0.799 Thread 0x000002443f418800 Exception <a 'sun/nio/fs/WindowsException'{0x00000000a751a3a0}> (0x00000000a751a3a0) thrown at [./open/src/hotspot/share/prims/jni.cpp, line 611]
Event: 0.806 Thread 0x000002443f418800 Exception <a 'sun/nio/fs/WindowsException'{0x00000000a753a8b8}> (0x00000000a753a8b8) thrown at [./open/src/hotspot/share/prims/jni.cpp, line 611]
Event: 0.806 Thread 0x000002443f418800 Exception <a 'sun/nio/fs/WindowsException'{0x00000000a753aba0}> (0x00000000a753aba0) thrown at [./open/src/hotspot/share/prims/jni.cpp, line 611]
Event: 1.077 Thread 0x000002443f418800 Exception <a 'sun/nio/fs/WindowsException'{0x00000000a7a95258}> (0x00000000a7a95258) thrown at [./open/src/hotspot/share/prims/jni.cpp, line 611]
Event: 1.331 Thread 0x000002443f418800 Exception <a 'sun/nio/fs/WindowsException'{0x00000000a6f04ac8}> (0x00000000a6f04ac8) thrown at [./open/src/hotspot/share/prims/jni.cpp, line 611]
Event: 1.331 Thread 0x000002443f418800 Exception <a 'sun/nio/fs/WindowsException'{0x00000000a6f04e50}> (0x00000000a6f04e50) thrown at [./open/src/hotspot/share/prims/jni.cpp, line 611]

Events (10 events):
Event: 1.369 loading class java/util/Arrays$LegacyMergeSort
Event: 1.369 loading class java/util/Arrays$LegacyMergeSort done
Event: 1.369 loading class java/util/ComparableTimSort
Event: 1.370 loading class java/util/ComparableTimSort done
Event: 1.372 loading class graphics/DebugDraw
Event: 1.372 loading class graphics/DebugDraw done
Event: 1.381 loading class imgui/type/ImBoolean
Event: 1.381 loading class imgui/type/ImBoolean done
Event: 1.384 loading class editor/GameViewWindow
Event: 1.384 loading class editor/GameViewWindow done


Dynamic libraries:
0x00007ff61afc0000 - 0x00007ff61afcf000 	C:\Program Files\Java\jdk-11.0.12\bin\javaw.exe
0x00007ffd122b0000 - 0x00007ffd124a5000 	C:\WINDOWS\SYSTEM32\ntdll.dll
0x00007ffd11ec0000 - 0x00007ffd11f7d000 	C:\WINDOWS\System32\KERNEL32.DLL
0x00007ffd0fc10000 - 0x00007ffd0fed9000 	C:\WINDOWS\System32\KERNELBASE.dll
0x00007ffd0f9e0000 - 0x00007ffd0fae0000 	C:\WINDOWS\System32\ucrtbase.dll
0x00007ffd01fb0000 - 0x00007ffd01fc8000 	C:\Program Files\Java\jdk-11.0.12\bin\jli.dll
0x00007ffd11670000 - 0x00007ffd1171c000 	C:\WINDOWS\System32\ADVAPI32.dll
0x00007ffd10dc0000 - 0x00007ffd10e5e000 	C:\WINDOWS\System32\msvcrt.dll
0x00007ffd11fb0000 - 0x00007ffd1204b000 	C:\WINDOWS\System32\sechost.dll
0x00007ffd11bf0000 - 0x00007ffd11d1a000 	C:\WINDOWS\System32\RPCRT4.dll
0x00007ffd11d20000 - 0x00007ffd11ec0000 	C:\WINDOWS\System32\USER32.dll
0x00007ffd10120000 - 0x00007ffd10142000 	C:\WINDOWS\System32\win32u.dll
0x00007ffd10d90000 - 0x00007ffd10dba000 	C:\WINDOWS\System32\GDI32.dll
0x00007ffd10200000 - 0x00007ffd1030b000 	C:\WINDOWS\System32\gdi32full.dll
0x00007ffd0fae0000 - 0x00007ffd0fb7d000 	C:\WINDOWS\System32\msvcp_win.dll
0x00007ffd01f90000 - 0x00007ffd01fa5000 	C:\Program Files\Java\jdk-11.0.12\bin\VCRUNTIME140.dll
0x00007ffd02b20000 - 0x00007ffd02dba000 	C:\WINDOWS\WinSxS\amd64_microsoft.windows.common-controls_6595b64144ccf1df_6.0.19041.1110_none_60b5254171f9507e\COMCTL32.dll
0x00007ffd083f0000 - 0x00007ffd083fa000 	C:\WINDOWS\SYSTEM32\VERSION.dll
0x00007ffd11f80000 - 0x00007ffd11fb0000 	C:\WINDOWS\System32\IMM32.DLL
0x00007ffcef280000 - 0x00007ffcef31b000 	C:\Program Files\Java\jdk-11.0.12\bin\msvcp140.dll
0x00007ffcc8570000 - 0x00007ffcc906f000 	C:\Program Files\Java\jdk-11.0.12\bin\server\jvm.dll
0x00007ffd11720000 - 0x00007ffd11728000 	C:\WINDOWS\System32\PSAPI.DLL
0x00007ffd02650000 - 0x00007ffd02659000 	C:\WINDOWS\SYSTEM32\WSOCK32.dll
0x00007ffd10ec0000 - 0x00007ffd10f2b000 	C:\WINDOWS\System32\WS2_32.dll
0x00007ffd06160000 - 0x00007ffd06187000 	C:\WINDOWS\SYSTEM32\WINMM.dll
0x00007ffd0d8f0000 - 0x00007ffd0d902000 	C:\WINDOWS\SYSTEM32\kernel.appcore.dll
0x00007ffd01f80000 - 0x00007ffd01f90000 	C:\Program Files\Java\jdk-11.0.12\bin\verify.dll
0x00007ffd09690000 - 0x00007ffd09874000 	C:\WINDOWS\SYSTEM32\DBGHELP.DLL
0x00007ffd09660000 - 0x00007ffd0968c000 	C:\WINDOWS\SYSTEM32\dbgcore.DLL
0x00007ffd10090000 - 0x00007ffd10113000 	C:\WINDOWS\System32\bcryptPrimitives.dll
0x00007ffd01ea0000 - 0x00007ffd01ec8000 	C:\Program Files\Java\jdk-11.0.12\bin\java.dll
0x00007ffd01f20000 - 0x00007ffd01f2a000 	C:\Program Files\Java\jdk-11.0.12\bin\jimage.dll
0x00007ffd01e80000 - 0x00007ffd01e96000 	C:\Program Files\Java\jdk-11.0.12\bin\zip.dll
0x00007ffd10f30000 - 0x00007ffd1166f000 	C:\WINDOWS\System32\SHELL32.dll
0x00007ffd0daf0000 - 0x00007ffd0e280000 	C:\WINDOWS\SYSTEM32\windows.storage.dll
0x00007ffd109c0000 - 0x00007ffd10d15000 	C:\WINDOWS\System32\combase.dll
0x00007ffd0f370000 - 0x00007ffd0f39c000 	C:\WINDOWS\SYSTEM32\Wldp.dll
0x00007ffd117b0000 - 0x00007ffd1185e000 	C:\WINDOWS\System32\SHCORE.dll
0x00007ffd10940000 - 0x00007ffd10995000 	C:\WINDOWS\System32\shlwapi.dll
0x00007ffd0f920000 - 0x00007ffd0f93f000 	C:\WINDOWS\SYSTEM32\profapi.dll
0x00007ffd01e60000 - 0x00007ffd01e79000 	C:\Program Files\Java\jdk-11.0.12\bin\net.dll
0x00007ffd08e50000 - 0x00007ffd08f58000 	C:\WINDOWS\SYSTEM32\WINHTTP.dll
0x00007ffd0f0d0000 - 0x00007ffd0f13a000 	C:\WINDOWS\system32\mswsock.dll
0x00007ffd01de0000 - 0x00007ffd01df2000 	C:\Program Files\Java\jdk-11.0.12\bin\nio.dll
0x00007ffd01d70000 - 0x00007ffd01dd4000 	C:\Users\andch\AppData\Local\Temp\lwjglandch\3.2.3-build-13\lwjgl.dll
0x00007ffcf0970000 - 0x00007ffcf09d2000 	C:\Users\andch\AppData\Local\Temp\lwjglandch\3.2.3-build-13\glfw.dll
0x00007ffd0d430000 - 0x00007ffd0d4ce000 	C:\WINDOWS\system32\uxtheme.dll
0x00007ffd00800000 - 0x00007ffd00845000 	C:\WINDOWS\SYSTEM32\dinput8.dll
0x00007ffd01d00000 - 0x00007ffd01d11000 	C:\WINDOWS\SYSTEM32\xinput1_4.dll
0x00007ffd10040000 - 0x00007ffd1008e000 	C:\WINDOWS\System32\cfgmgr32.dll
0x00007ffd0f730000 - 0x00007ffd0f764000 	C:\WINDOWS\SYSTEM32\DEVOBJ.dll
0x00007ffd0d6e0000 - 0x00007ffd0d70f000 	C:\WINDOWS\SYSTEM32\dwmapi.dll
0x00007ffd000f0000 - 0x00007ffd00242000 	C:\WINDOWS\SYSTEM32\inputhost.dll
0x00007ffd10870000 - 0x00007ffd1093d000 	C:\WINDOWS\System32\OLEAUT32.dll
0x00007ffd0d130000 - 0x00007ffd0d222000 	C:\WINDOWS\SYSTEM32\CoreMessaging.dll
0x00007ffd0b4b0000 - 0x00007ffd0b5a6000 	C:\WINDOWS\SYSTEM32\PROPSYS.dll
0x00007ffd0ca80000 - 0x00007ffd0cbd4000 	C:\WINDOWS\SYSTEM32\wintypes.dll
0x00007ffd0cbe0000 - 0x00007ffd0cf3e000 	C:\WINDOWS\SYSTEM32\CoreUIComponents.dll
0x00007ffd0e4d0000 - 0x00007ffd0e503000 	C:\WINDOWS\SYSTEM32\ntmarta.dll
0x00007ffd11860000 - 0x00007ffd11975000 	C:\WINDOWS\System32\MSCTF.dll
0x00007ffd0e280000 - 0x00007ffd0e28d000 	C:\WINDOWS\SYSTEM32\HID.DLL
0x00007ffd103f0000 - 0x00007ffd10862000 	C:\WINDOWS\System32\SETUPAPI.DLL
0x00007ffd0fb80000 - 0x00007ffd0fba7000 	C:\WINDOWS\System32\bcrypt.dll
0x00007ffd0fbb0000 - 0x00007ffd0fc10000 	C:\WINDOWS\System32\WINTRUST.dll
0x00007ffd0fee0000 - 0x00007ffd1003f000 	C:\WINDOWS\System32\CRYPT32.dll
0x00007ffd0f550000 - 0x00007ffd0f562000 	C:\WINDOWS\SYSTEM32\MSASN1.dll
0x00007ffcef040000 - 0x00007ffcef165000 	C:\WINDOWS\SYSTEM32\opengl32.dll
0x00007ffcef360000 - 0x00007ffcef38c000 	C:\WINDOWS\SYSTEM32\GLU32.dll
0x00007ffd11980000 - 0x00007ffd11a29000 	C:\WINDOWS\System32\clbcatq.dll
0x00007ffcc43b0000 - 0x00007ffcc4ef8000 	C:\WINDOWS\SYSTEM32\ig75icd64.dll
0x00007ffd0ad80000 - 0x00007ffd0ad94000 	C:\WINDOWS\SYSTEM32\WTSAPI32.dll
0x00007ffcfc650000 - 0x00007ffcfd090000 	C:\WINDOWS\SYSTEM32\igdusc64.dll
0x00007ffcfe7e0000 - 0x00007ffcfe81b000 	C:\WINDOWS\SYSTEM32\dxcore.dll
0x00007ffd0f7a0000 - 0x00007ffd0f7eb000 	C:\WINDOWS\SYSTEM32\powrprof.dll
0x00007ffd0f780000 - 0x00007ffd0f792000 	C:\WINDOWS\SYSTEM32\UMPDC.dll
0x00007ffd0e540000 - 0x00007ffd0e634000 	C:\WINDOWS\SYSTEM32\dxgi.dll
0x00007ffd0b9a0000 - 0x00007ffd0bc04000 	C:\WINDOWS\SYSTEM32\d3d11.dll
0x00007ffcfd090000 - 0x00007ffcfdfec000 	C:\WINDOWS\SYSTEM32\igd10iumd64.dll
0x00007ffd0f3e0000 - 0x00007ffd0f407000 	C:\WINDOWS\SYSTEM32\ncrypt.dll
0x00007ffd0f3a0000 - 0x00007ffd0f3db000 	C:\WINDOWS\SYSTEM32\NTASN1.dll
0x00007ffd00300000 - 0x00007ffd003f9000 	C:\WINDOWS\SYSTEM32\textinputframework.dll
0x00007ffcf00b0000 - 0x00007ffcf0109000 	C:\Users\andch\AppData\Local\Temp\lwjglandch\3.2.3-build-13\lwjgl_opengl.dll
0x0000000064a00000 - 0x0000000065665000 	C:\Users\andch\OneDrive\Desktop\workspace\2DLwjgl3\libs\imgui-java64.dll
0x00007ffcee3a0000 - 0x00007ffcee417000 	C:\Users\andch\AppData\Local\Temp\lwjglandch\3.2.3-build-13\lwjgl_stb.dll
0x00007ffcfbee0000 - 0x00007ffcfbf8c000 	C:\WINDOWS\SYSTEM32\TextShaping.dll

dbghelp: loaded successfully - version: 4.0.5 - missing functions: none
symbol engine: initialized successfully - sym options: 0x614 - pdb path: .;C:\Program Files\Java\jdk-11.0.12\bin;C:\WINDOWS\SYSTEM32;C:\WINDOWS\WinSxS\amd64_microsoft.windows.common-controls_6595b64144ccf1df_6.0.19041.1110_none_60b5254171f9507e;C:\Program Files\Java\jdk-11.0.12\bin\server;C:\Users\andch\AppData\Local\Temp\lwjglandch\3.2.3-build-13;C:\Users\andch\OneDrive\Desktop\workspace\2DLwjgl3\libs

VM Arguments:
jvm_args: -ea -Dimgui.library.path=./libs -Djava.library.path=C:\Users\andch\OneDrive\Desktop\workspace\2DLwjgl3\libs;C:\Users\andch\OneDrive\Desktop\workspace\2DLwjgl3\libs;C:\Users\andch\OneDrive\Desktop\workspace\2DLwjgl3\libs -Dfile.encoding=Cp1252 
java_command: core.Main
java_class_path (initial): C:\Users\andch\OneDrive\Desktop\workspace\2DLwjgl3\target\classes;C:\Users\andch\OneDrive\Desktop\LWJGL3.2.3\lwjgl.jar;C:\Users\andch\OneDrive\Desktop\LWJGL3.2.3\lwjgl-assimp.jar;C:\Users\andch\OneDrive\Desktop\LWJGL3.2.3\lwjgl-assimp-natives-linux.jar;C:\Users\andch\OneDrive\Desktop\LWJGL3.2.3\lwjgl-assimp-natives-macos.jar;C:\Users\andch\OneDrive\Desktop\LWJGL3.2.3\lwjgl-assimp-natives-windows.jar;C:\Users\andch\OneDrive\Desktop\LWJGL3.2.3\lwjgl-glfw.jar;C:\Users\andch\OneDrive\Desktop\LWJGL3.2.3\lwjgl-glfw-natives-linux.jar;C:\Users\andch\OneDrive\Desktop\LWJGL3.2.3\lwjgl-glfw-natives-macos.jar;C:\Users\andch\OneDrive\Desktop\LWJGL3.2.3\lwjgl-glfw-natives-windows.jar;C:\Users\andch\OneDrive\Desktop\LWJGL3.2.3\lwjgl-natives-linux.jar;C:\Users\andch\OneDrive\Desktop\LWJGL3.2.3\lwjgl-natives-macos.jar;C:\Users\andch\OneDrive\Desktop\LWJGL3.2.3\lwjgl-natives-windows.jar;C:\Users\andch\OneDrive\Desktop\LWJGL3.2.3\lwjgl-openal.jar;C:\Users\andch\OneDrive\Desktop\LWJGL3.2.3\lwjgl-openal-natives-linux.jar;C:\Users\andch\OneDrive\Desktop\LWJGL3.2.3\lwjgl-openal-natives-macos.jar;C:\Users\andch\OneDrive\Desktop\LWJGL3.2.3\lwjgl-openal-natives-windows.jar;C:\Users\andch\OneDrive\Desktop\LWJGL3.2.3\lwjgl-opengl.jar;C:\Users\andch\OneDrive\Desktop\LWJGL3.2.3\lwjgl-opengl-natives-linux.jar;C:\Users\andch\OneDrive\Desktop\LWJGL3.2.3\lwjgl-opengl-natives-macos.jar;C:\Users\andch\OneDrive\Desktop\LWJGL3.2.3\lwjgl-opengl-natives-windows.jar;C:\Users\andch\OneDrive\Desktop\LWJGL3.2.3\lwjgl-stb.jar;C:\Users\andch\OneDrive\Desktop\LWJGL3.2.3\lwjgl-stb-natives-linux.jar;C:\Users\andch\OneDrive\Desktop\LWJGL3.2.3\lwjgl-stb-natives-macos.jar;C:\Users\andch\OneDrive\Desktop\LWJGL3.2.3\lwjgl-stb-natives-windows.jar;C:\Users\andch\OneDrive\Desktop\LWJGL3.2.3\joml-1.9.25.jar;C:\Users\andch\OneDrive\Desktop\workspace\2DLwjgl3\libs\imgui-app-1.83.3.jar;C:\Users\andch\OneDrive\Desktop\workspace\2DLwjgl3\libs\imgui-binding-1.83.3.jar;C:\Users\andch\OneDrive\Desktop\
Launcher Type: SUN_STANDARD

[Global flags]
     intx CICompilerCount                          = 3                                         {product} {ergonomic}
     uint ConcGCThreads                            = 1                                         {product} {ergonomic}
     uint G1ConcRefinementThreads                  = 4                                         {product} {ergonomic}
   size_t G1HeapRegionSize                         = 1048576                                   {product} {ergonomic}
    uintx GCDrainStackTargetSize                   = 64                                        {product} {ergonomic}
   size_t InitialHeapSize                          = 100663296                                 {product} {ergonomic}
   size_t MarkStackSize                            = 4194304                                   {product} {ergonomic}
   size_t MaxHeapSize                              = 1581252608                                {product} {ergonomic}
   size_t MaxNewSize                               = 947912704                                 {product} {ergonomic}
   size_t MinHeapDeltaBytes                        = 1048576                                   {product} {ergonomic}
    uintx NonNMethodCodeHeapSize                   = 5830732                                {pd product} {ergonomic}
    uintx NonProfiledCodeHeapSize                  = 122913754                              {pd product} {ergonomic}
    uintx ProfiledCodeHeapSize                     = 122913754                              {pd product} {ergonomic}
    uintx ReservedCodeCacheSize                    = 251658240                              {pd product} {ergonomic}
     bool SegmentedCodeCache                       = true                                      {product} {ergonomic}
     bool UseCompressedClassPointers               = true                                 {lp64_product} {ergonomic}
     bool UseCompressedOops                        = true                                 {lp64_product} {ergonomic}
     bool UseG1GC                                  = true                                      {product} {ergonomic}
     bool UseLargePagesIndividualAllocation        = false                                  {pd product} {ergonomic}

Logging:
Log output configuration:
 #0: stdout all=warning uptime,level,tags
 #1: stderr all=off uptime,level,tags

Environment Variables:
PATH=C:/Program Files/Java/jre1.8.0_301/bin/server;C:/Program Files/Java/jre1.8.0_301/bin;C:/Program Files/Java/jre1.8.0_301/lib/amd64;C:\Program Files\Common Files\Oracle\Java\javapath;C:\Program Files (x86)\Common Files\Oracle\Java\javapath;C:\WINDOWS\system32;C:\WINDOWS;C:\WINDOWS\System32\Wbem;C:\WINDOWS\System32\WindowsPowerShell\v1.0\;C:\php;C:\Apache24;C:\Apache24\bin;C:\WINDOWS\System32\OpenSSH\;C:\MinGW\bin;C:\Program Files\Git\cmd;C:\Program Files\Java\jdk1.8.0_171\bin;C:\Users\andch\AppData\Local\Microsoft\WindowsApps;;C:\Users\andch\OneDrive\Desktop;
USERNAME=andch
OS=Windows_NT
PROCESSOR_IDENTIFIER=Intel64 Family 6 Model 69 Stepping 1, GenuineIntel



---------------  S Y S T E M  ---------------

OS: Windows 10 , 64 bit Build 19041 (10.0.19041.1151)

CPU:total 4 (initial active 4) (2 cores per cpu, 2 threads per core) family 6 model 69 stepping 1 microcode 0x26, cmov, cx8, fxsr, mmx, sse, sse2, sse3, ssse3, sse4.1, sse4.2, popcnt, avx, avx2, aes, clmul, erms, lzcnt, ht, tsc, tscinvbit, bmi1, bmi2, fma

Memory: 4k page, system-wide physical 6027M (1873M free)
TotalPageFile size 15755M (AvailPageFile size 9529M)
current process WorkingSet (physical memory assigned to process): 104M, peak: 104M
current process commit charge ("private bytes"): 253M, peak: 255M

vm_info: Java HotSpot(TM) 64-Bit Server VM (11.0.12+8-LTS-237) for windows-amd64 JRE (11.0.12+8-LTS-237), built on Jun  8 2021 11:25:59 by "mach5one" with MS VC++ 15.9 (VS2017)

END.
